I-pay/captureActivity/build/intermediates/manifest_merge_blame_file/debug/manifest-merger-blame-debug-report.txt
1<?xml version="1.0" encoding="utf-8"?>
2<!--
3 Copyright (C) 2008 ZXing authors
4
5 Licensed under the Apache License, Version 2.0 (the "License");
6 you may not use this file except in compliance with the License.
7 You may obtain a copy of the License at
8
9      http://www.apache.org/licenses/LICENSE-2.0
10
11 Unless required by applicable law or agreed to in writing, software
12 distributed under the License is distributed on an "AS IS" BASIS,
13 WITHOUT WARRANTIES OR CONDITIONS OF ANY KIND, either express or implied.
14 See the License for the specific language governing permissions and
15 limitations under the License.
16-->
17<manifest xmlns:android="http://schemas.android.com/apk/res/android"
18    package="com.google.zxing.client.android"
19    android:installLocation="auto"
20    android:versionCode="87"
21    android:versionName="4.3.1" >
22
23    <uses-sdk
24        android:minSdkVersion="8"
24-->src\main\AndroidManifest.xml
25        android:targetSdkVersion="8" />
25-->src\main\AndroidManifest.xml
26
27    <uses-permission android:name="android.permission.CAMERA" />
27-->src\main\AndroidManifest.xml:23:3-62
27-->src\main\AndroidManifest.xml:23:20-60
28    <uses-permission android:name="android.permission.INTERNET" />
28-->src\main\AndroidManifest.xml:24:3-64
28-->src\main\AndroidManifest.xml:24:20-62
29    <uses-permission android:name="android.permission.VIBRATE" />
29-->src\main\AndroidManifest.xml:25:3-63
29-->src\main\AndroidManifest.xml:25:20-61
30    <uses-permission android:name="android.permission.FLASHLIGHT" />
30-->src\main\AndroidManifest.xml:26:3-66
30-->src\main\AndroidManifest.xml:26:20-64
31    <!-- <uses-permission android:name="android.permission.READ_CONTACTS"/> -->
32    <uses-permission android:name="com.android.browser.permission.READ_HISTORY_BOOKMARKS" />
32-->src\main\AndroidManifest.xml:28:3-90
32-->src\main\AndroidManifest.xml:28:20-88
33    <uses-permission android:name="android.permission.WRITE_EXTERNAL_STORAGE" />
33-->src\main\AndroidManifest.xml:29:3-78
33-->src\main\AndroidManifest.xml:29:20-76
34    <uses-permission android:name="android.permission.CHANGE_WIFI_STATE" />
34-->src\main\AndroidManifest.xml:30:3-73
34-->src\main\AndroidManifest.xml:30:20-71
35    <uses-permission android:name="android.permission.ACCESS_WIFI_STATE" />
35-->src\main\AndroidManifest.xml:31:3-73
35-->src\main\AndroidManifest.xml:31:20-71
36
37    <!-- Don't require camera, as this requires a rear camera. This allows it to work on the Nexus 7 -->
38    <uses-feature
38-->src\main\AndroidManifest.xml:34:3-82
39        android:name="android.hardware.camera"
39-->src\main\AndroidManifest.xml:34:17-55
40        android:required="false" />
40-->src\main\AndroidManifest.xml:34:56-80
41    <uses-feature
41-->src\main\AndroidManifest.xml:35:3-88
42        android:name="android.hardware.camera.front"
42-->src\main\AndroidManifest.xml:35:17-61
43        android:required="false" />
43-->src\main\AndroidManifest.xml:35:62-86
44    <!-- TODO replace above two with next line after Android 4.2 -->
45    <!-- <uses-feature android:name="android.hardware.camera.any"/> -->
46    <uses-feature
46-->src\main\AndroidManifest.xml:38:3-92
47        android:name="android.hardware.camera.autofocus"
47-->src\main\AndroidManifest.xml:38:17-65
48        android:required="false" />
48-->src\main\AndroidManifest.xml:38:66-90
49    <uses-feature
49-->src\main\AndroidManifest.xml:39:3-88
50        android:name="android.hardware.camera.flash"
50-->src\main\AndroidManifest.xml:39:17-61
51        android:required="false" />
51-->src\main\AndroidManifest.xml:39:62-86
52    <uses-feature android:name="android.hardware.screen.landscape" />
52-->src\main\AndroidManifest.xml:40:3-67
52-->src\main\AndroidManifest.xml:40:17-65
53    <uses-feature
53-->src\main\AndroidManifest.xml:41:3-80
54        android:name="android.hardware.wifi"
54-->src\main\AndroidManifest.xml:41:17-53
55        android:required="false" />
55-->src\main\AndroidManifest.xml:41:54-78
56    <!-- This excludes Google TV, which is unfortunately included by virtue of not requiring a camera -->
57    <uses-feature android:name="android.hardware.touchscreen" />
57-->src\main\AndroidManifest.xml:43:3-62
57-->src\main\AndroidManifest.xml:43:17-60
58    <!-- TODO make this not required again after android.hardware.camera.any is available -->
59
60
61    <!-- Donut-specific flags which allow us to run on any dp screens. -->
62    <supports-screens
62-->src\main\AndroidManifest.xml:47:3-51:48
63        android:anyDensity="true"
63-->src\main\AndroidManifest.xml:51:21-46
64        android:largeScreens="true"
64-->src\main\AndroidManifest.xml:48:21-48
65        android:normalScreens="true"
65-->src\main\AndroidManifest.xml:49:21-49
66        android:smallScreens="true" />
66-->src\main\AndroidManifest.xml:50:21-48
67
68    <application android:label="@string/app_name" >
68-->src\main\AndroidManifest.xml:53:3-189:17
68-->src\main\AndroidManifest.xml:54:16-48
69        <activity
69-->src\main\AndroidManifest.xml:55:5-96:16
70            android:name="com.google.zxing.client.android.CaptureActivity"
70-->src\main\AndroidManifest.xml:55:15-46
71            android:clearTaskOnLaunch="true"
71-->src\main\AndroidManifest.xml:57:15-47
72            android:configChanges="orientation|keyboardHidden"
72-->src\main\AndroidManifest.xml:60:15-65
73            android:exported="true"
73-->src\main\AndroidManifest.xml:59:15-38
74            android:screenOrientation="landscape"
74-->src\main\AndroidManifest.xml:56:15-52
75            android:stateNotNeeded="true"
75-->src\main\AndroidManifest.xml:58:15-44
76            android:theme="@android:style/Theme.NoTitleBar.Fullscreen"
76-->src\main\AndroidManifest.xml:61:15-73
77            android:windowSoftInputMode="stateAlwaysHidden" >
77-->src\main\AndroidManifest.xml:62:15-62
78            <intent-filter>
78-->src\main\AndroidManifest.xml:64:7-67:23
79                <action android:name="com.google.zxing.client.android.SCAN" />
79-->src\main\AndroidManifest.xml:65:9-70
79-->src\main\AndroidManifest.xml:65:17-68
80
81                <category android:name="android.intent.category.DEFAULT" />
81-->src\main\AndroidManifest.xml:66:9-67
81-->src\main\AndroidManifest.xml:66:19-65
82            </intent-filter>
83            <!-- Allow web apps to launch Barcode Scanner by linking to http://zxing.appspot.com/scan. -->
84            <intent-filter>
84-->src\main\AndroidManifest.xml:69:7-74:23
85                <action android:name="android.intent.action.VIEW" />
85-->src\main\AndroidManifest.xml:70:9-60
85-->src\main\AndroidManifest.xml:70:17-58
86
87                <category android:name="android.intent.category.DEFAULT" />
87-->src\main\AndroidManifest.xml:66:9-67
87-->src\main\AndroidManifest.xml:66:19-65
88                <category android:name="android.intent.category.BROWSABLE" />
88-->src\main\AndroidManifest.xml:72:9-69
88-->src\main\AndroidManifest.xml:72:19-67
89
90                <data
90-->src\main\AndroidManifest.xml:73:9-92
91                    android:host="zxing.appspot.com"
91-->src\main\AndroidManifest.xml:73:37-69
92                    android:path="/scan"
92-->src\main\AndroidManifest.xml:73:70-90
93                    android:scheme="http" />
93-->src\main\AndroidManifest.xml:73:15-36
94            </intent-filter>
95            <!-- We also support a Google Product Search URL. -->
96            <intent-filter>
96-->src\main\AndroidManifest.xml:76:7-81:23
97                <action android:name="android.intent.action.VIEW" />
97-->src\main\AndroidManifest.xml:70:9-60
97-->src\main\AndroidManifest.xml:70:17-58
98
99                <category android:name="android.intent.category.DEFAULT" />
99-->src\main\AndroidManifest.xml:66:9-67
99-->src\main\AndroidManifest.xml:66:19-65
100                <category android:name="android.intent.category.BROWSABLE" />
100-->src\main\AndroidManifest.xml:72:9-69
100-->src\main\AndroidManifest.xml:72:19-67
101
102                <data
102-->src\main\AndroidManifest.xml:73:9-92
103                    android:host="www.google.com"
103-->src\main\AndroidManifest.xml:73:37-69
104                    android:path="/m/products/scan"
104-->src\main\AndroidManifest.xml:73:70-90
105                    android:scheme="http" />
105-->src\main\AndroidManifest.xml:73:15-36
106            </intent-filter>
107            <!-- And the UK version. -->
108            <intent-filter>
108-->src\main\AndroidManifest.xml:83:7-88:23
109                <action android:name="android.intent.action.VIEW" />
109-->src\main\AndroidManifest.xml:70:9-60
109-->src\main\AndroidManifest.xml:70:17-58
110
111                <category android:name="android.intent.category.DEFAULT" />
111-->src\main\AndroidManifest.xml:66:9-67
111-->src\main\AndroidManifest.xml:66:19-65
112                <category android:name="android.intent.category.BROWSABLE" />
112-->src\main\AndroidManifest.xml:72:9-69
112-->src\main\AndroidManifest.xml:72:19-67
113
114                <data
114-->src\main\AndroidManifest.xml:73:9-92
115                    android:host="www.google.co.uk"
115-->src\main\AndroidManifest.xml:73:37-69
116                    android:path="/m/products/scan"
116-->src\main\AndroidManifest.xml:73:70-90
117                    android:scheme="http" />
117-->src\main\AndroidManifest.xml:73:15-36
118            </intent-filter>
119            <!-- Support zxing://scan/?... like iPhone app -->
120            <intent-filter>
120-->src\main\AndroidManifest.xml:90:7-95:23
121                <action android:name="android.intent.action.VIEW" />
121-->src\main\AndroidManifest.xml:70:9-60
121-->src\main\AndroidManifest.xml:70:17-58
122
123                <category android:name="android.intent.category.DEFAULT" />
123-->src\main\AndroidManifest.xml:66:9-67
123-->src\main\AndroidManifest.xml:66:19-65
124                <category android:name="android.intent.category.BROWSABLE" />
124-->src\main\AndroidManifest.xml:72:9-69
124-->src\main\AndroidManifest.xml:72:19-67
125
126                <data
126-->src\main\AndroidManifest.xml:73:9-92
127                    android:host="scan"
127-->src\main\AndroidManifest.xml:73:37-69
128                    android:path="/"
128-->src\main\AndroidManifest.xml:73:70-90
129                    android:scheme="zxing" />
129-->src\main\AndroidManifest.xml:73:15-36
130            </intent-filter>
131        </activity>
132        <activity
132-->src\main\AndroidManifest.xml:100:5-103:16
133            android:name="com.google.zxing.client.android.PreferencesActivity"
133-->src\main\AndroidManifest.xml:100:15-81
134            android:label="@string/preferences_name"
134-->src\main\AndroidManifest.xml:101:15-55
135            android:stateNotNeeded="true" >
135-->src\main\AndroidManifest.xml:102:15-44
136        </activity>
137        <activity
137-->src\main\AndroidManifest.xml:106:5-126:16
138            android:name="com.google.zxing.client.android.encode.EncodeActivity"
138-->src\main\AndroidManifest.xml:106:15-52
139            android:exported="true"
139-->src\main\AndroidManifest.xml:108:15-38
140            android:label="@string/share_name"
140-->src\main\AndroidManifest.xml:107:15-49
141            android:stateNotNeeded="true" >
141-->src\main\AndroidManifest.xml:109:15-44
142            <intent-filter>
142-->src\main\AndroidManifest.xml:110:7-113:23
143                <action android:name="com.google.zxing.client.android.ENCODE" />
143-->src\main\AndroidManifest.xml:111:9-72
143-->src\main\AndroidManifest.xml:111:17-70
144
145                <category android:name="android.intent.category.DEFAULT" />
145-->src\main\AndroidManifest.xml:66:9-67
145-->src\main\AndroidManifest.xml:66:19-65
146            </intent-filter>
147            <!-- This allows us to handle the Share button in Contacts. -->
148            <intent-filter>
148-->src\main\AndroidManifest.xml:115:7-119:23
149                <action android:name="android.intent.action.SEND" />
149-->src\main\AndroidManifest.xml:116:9-60
149-->src\main\AndroidManifest.xml:116:17-58
150
151                <category android:name="android.intent.category.DEFAULT" />
151-->src\main\AndroidManifest.xml:66:9-67
151-->src\main\AndroidManifest.xml:66:19-65
152
153                <data android:mimeType="text/x-vcard" />
153-->src\main\AndroidManifest.xml:73:9-92
153-->src\main\AndroidManifest.xml:118:15-46
154            </intent-filter>
155            <!-- This allows us to handle sharing any plain text . -->
156            <intent-filter>
156-->src\main\AndroidManifest.xml:121:7-125:23
157                <action android:name="android.intent.action.SEND" />
157-->src\main\AndroidManifest.xml:116:9-60
157-->src\main\AndroidManifest.xml:116:17-58
158
159                <category android:name="android.intent.category.DEFAULT" />
159-->src\main\AndroidManifest.xml:66:9-67
159-->src\main\AndroidManifest.xml:66:19-65
160
161                <data android:mimeType="text/plain" />
161-->src\main\AndroidManifest.xml:73:9-92
161-->src\main\AndroidManifest.xml:118:15-46
162            </intent-filter>
163        </activity>
164        <activity
164-->src\main\AndroidManifest.xml:127:5-137:16
165            android:name="com.google.zxing.client.android.book.SearchBookContentsActivity"
165-->src\main\AndroidManifest.xml:127:15-93
166            android:configChanges="orientation|keyboardHidden"
166-->src\main\AndroidManifest.xml:132:15-65
167            android:exported="true"
167-->src\main\AndroidManifest.xml:130:14-37
168            android:label="@string/sbc_name"
168-->src\main\AndroidManifest.xml:128:15-47
169            android:screenOrientation="landscape"
169-->src\main\AndroidManifest.xml:131:15-52
170            android:stateNotNeeded="true" >
170-->src\main\AndroidManifest.xml:129:15-44
171            <intent-filter>
171-->src\main\AndroidManifest.xml:133:7-136:23
172                <action android:name="com.google.zxing.client.android.SEARCH_BOOK_CONTENTS" />
172-->src\main\AndroidManifest.xml:134:9-86
172-->src\main\AndroidManifest.xml:134:17-84
173
174                <category android:name="android.intent.category.DEFAULT" />
174-->src\main\AndroidManifest.xml:66:9-67
174-->src\main\AndroidManifest.xml:66:19-65
175            </intent-filter>
176        </activity>
177        <activity
177-->src\main\AndroidManifest.xml:139:5-149:16
178            android:name="com.google.zxing.client.android.share.ShareActivity"
178-->src\main\AndroidManifest.xml:139:15-81
179            android:exported="true"
179-->src\main\AndroidManifest.xml:143:15-38
180            android:label="@string/share_name"
180-->src\main\AndroidManifest.xml:140:15-49
181            android:screenOrientation="user"
181-->src\main\AndroidManifest.xml:142:15-47
182            android:stateNotNeeded="true"
182-->src\main\AndroidManifest.xml:141:15-44
183            android:theme="@android:style/Theme.Light" >
183-->src\main\AndroidManifest.xml:144:15-57
184            <intent-filter>
184-->src\main\AndroidManifest.xml:145:7-148:23
185                <action android:name="com.google.zxing.client.android.SHARE" />
185-->src\main\AndroidManifest.xml:146:9-71
185-->src\main\AndroidManifest.xml:146:17-69
186
187                <category android:name="android.intent.category.DEFAULT" />
187-->src\main\AndroidManifest.xml:66:9-67
187-->src\main\AndroidManifest.xml:66:19-65
188            </intent-filter>
189        </activity>
190        <activity
190-->src\main\AndroidManifest.xml:152:5-160:16
191            android:name="com.google.zxing.client.android.history.HistoryActivity"
191-->src\main\AndroidManifest.xml:152:15-85
192            android:exported="true"
192-->src\main\AndroidManifest.xml:154:16-39
193            android:label="@string/history_title"
193-->src\main\AndroidManifest.xml:153:15-52
194            android:stateNotNeeded="true" >
194-->src\main\AndroidManifest.xml:155:15-44
195            <intent-filter>
195-->src\main\AndroidManifest.xml:156:7-159:23
196                <action android:name="android.intent.action.VIEW" />
196-->src\main\AndroidManifest.xml:70:9-60
196-->src\main\AndroidManifest.xml:70:17-58
197
198                <category android:name="android.intent.category.DEFAULT" />
198-->src\main\AndroidManifest.xml:66:9-67
198-->src\main\AndroidManifest.xml:66:19-65
199            </intent-filter>
200        </activity>
201        <activity
201-->src\main\AndroidManifest.xml:161:5-169:16
202            android:name="com.google.zxing.client.android.share.BookmarkPickerActivity"
202-->src\main\AndroidManifest.xml:161:15-90
203            android:exported="true"
203-->src\main\AndroidManifest.xml:163:16-39
204            android:label="@string/bookmark_picker_name"
204-->src\main\AndroidManifest.xml:162:15-59
205            android:stateNotNeeded="true" >
205-->src\main\AndroidManifest.xml:164:15-44
206            <intent-filter>
206-->src\main\AndroidManifest.xml:165:7-168:23
207                <action android:name="android.intent.action.PICK" />
207-->src\main\AndroidManifest.xml:166:9-60
207-->src\main\AndroidManifest.xml:166:17-58
208
209                <category android:name="android.intent.category.DEFAULT" />
209-->src\main\AndroidManifest.xml:66:9-67
209-->src\main\AndroidManifest.xml:66:19-65
210            </intent-filter>
211        </activity>
212        <activity
212-->src\main\AndroidManifest.xml:170:5-179:16
213            android:name="com.google.zxing.client.android.share.AppPickerActivity"
213-->src\main\AndroidManifest.xml:170:15-85
214            android:configChanges="orientation"
214-->src\main\AndroidManifest.xml:174:15-50
215            android:exported="true"
215-->src\main\AndroidManifest.xml:173:15-38
216            android:label="@string/app_picker_name"
216-->src\main\AndroidManifest.xml:171:15-54
217            android:stateNotNeeded="true" >
217-->src\main\AndroidManifest.xml:172:15-44
218            <intent-filter>
218-->src\main\AndroidManifest.xml:165:7-168:23
219                <action android:name="android.intent.action.PICK" />
219-->src\main\AndroidManifest.xml:166:9-60
219-->src\main\AndroidManifest.xml:166:17-58
220
221                <category android:name="android.intent.category.DEFAULT" />
221-->src\main\AndroidManifest.xml:66:9-67
221-->src\main\AndroidManifest.xml:66:19-65
222            </intent-filter>
223        </activity>
224        <activity
224-->src\main\AndroidManifest.xml:180:5-188:16
225            android:name="com.google.zxing.client.android.HelpActivity"
225-->src\main\AndroidManifest.xml:180:15-74
226            android:exported="true"
226-->src\main\AndroidManifest.xml:182:9-32
227            android:screenOrientation="user" >
227-->src\main\AndroidManifest.xml:181:15-47
228            <intent-filter>
228-->src\main\AndroidManifest.xml:156:7-159:23
229                <action android:name="android.intent.action.VIEW" />
229-->src\main\AndroidManifest.xml:70:9-60
229-->src\main\AndroidManifest.xml:70:17-58
230
231                <category android:name="android.intent.category.DEFAULT" />
231-->src\main\AndroidManifest.xml:66:9-67
231-->src\main\AndroidManifest.xml:66:19-65
232            </intent-filter>
233        </activity>
234    </application>
235
236</manifest>